#
# There is insufficient memory for the Java Runtime Environment to continue.
# Native memory allocation (mmap) failed to map 50331648 bytes for Failed to commit area from 0x0000000089e00000 to 0x000000008ce00000 of length 50331648.
# Possible reasons:
#   The system is out of physical RAM or swap space
#   The process is running with CompressedOops enabled, and the Java Heap may be blocking the growth of the native heap
# Possible solutions:
#   Reduce memory load on the system
#   Increase physical memory or swap space
#   Check if swap backing store is full
#   Decrease Java heap size (-Xmx/-Xms)
#   Decrease number of Java threads
#   Decrease Java thread stack sizes (-Xss)
#   Set larger code cache with -XX:ReservedCodeCacheSize=
#   JVM is running with Unscaled Compressed Oops mode in which the Java heap is
#     placed in the first 4GB address space. The Java Heap base address is the
#     maximum limit for the native heap growth. Please use -XX:HeapBaseMinAddress
#     to set the Java Heap base and to place the Java Heap above 4GB virtual address.
# This output file may be truncated or incomplete.
#
#  Out of Memory Error (./src/hotspot/os/windows/os_windows.cpp:3303), pid=9556, tid=4804
#
# JRE version: OpenJDK Runtime Environment (11.0.8+10) (build 11.0.8+10-b944.6842174)
# Java VM: OpenJDK 64-Bit Server VM (11.0.8+10-b944.6842174, mixed mode, tiered, compressed oops, g1 gc, windows-amd64)
# No core dump will be written. Minidumps are not enabled by default on client versions of Windows
#

---------------  S U M M A R Y ------------

Command Line: org.jetbrains.kotlin.cli.jvm.K2JVMCompiler @C:\Users\Andy\AndroidStudioProjects\LatteBoot\app\build\20210715_2572667340388030111.compiler.options

Host: Intel(R) Core(TM) i5 CPU         750  @ 2.67GHz, 4 cores, 7G,  Windows 10 , 64 bit Build 22000 (10.0.22000.37)
Time: Thu Jul 15 15:24:31 2021 Russia TZ 2 Standard Time elapsed time: 8 seconds (0d 0h 0m 8s)

---------------  T H R E A D  ---------------

Current thread (0x000002864c87e000):  VMThread "VM Thread" [stack: 0x000000e663800000,0x000000e663900000] [id=4804]

Stack: [0x000000e663800000,0x000000e663900000]
[error occurred during error reporting (printing stack bounds), id 0xc0000005, EXCEPTION_ACCESS_VIOLATION (0xc0000005) at pc=0x00000286367a0dbd]

Native frames: (J=compiled Java code, j=interpreted, Vv=VM code, C=native code)
V  [jvm.dll+0x5de50a]
V  [jvm.dll+0x7122f5]
V  [jvm.dll+0x71384d]
V  [jvm.dll+0x713e65]
V  [jvm.dll+0x713e1b]
V  [jvm.dll+0x5dd958]
V  [jvm.dll+0x5de0f8]
C  [ntdll.dll+0xa7ccf]
C  [ntdll.dll+0x359ca]
C  [ntdll.dll+0xa6cde]
C  0x00000286367a0dbd

VM_Operation (0x000000e6632fd7f0): G1CollectForAllocation, mode: safepoint, requested by thread 0x0000028630dce000


---------------  P R O C E S S  ---------------

Threads class SMR info:
_java_thread_list=0x000002864d34fec0, length=11, elements={
0x0000028630dce000, 0x000002864c881800, 0x000002864c88a800, 0x000002864c8a1000,
0x000002864c8a2000, 0x000002864c8a3000, 0x000002864c8a6000, 0x000002864c8b2800,
0x000002864d347800, 0x000002864d351800, 0x000002864d395800
}

Java Threads: ( => current thread )
  0x0000028630dce000 JavaThread "main" [_thread_blocked, id=5500, stack(0x000000e663200000,0x000000e663300000)]
  0x000002864c881800 JavaThread "Reference Handler" daemon [_thread_blocked, id=8720, stack(0x000000e663900000,0x000000e663a00000)]
  0x000002864c88a800 JavaThread "Finalizer" daemon [_thread_blocked, id=4940, stack(0x000000e663a00000,0x000000e663b00000)]
  0x000002864c8a1000 JavaThread "Signal Dispatcher" daemon [_thread_blocked, id=540, stack(0x000000e663b00000,0x000000e663c00000)]
  0x000002864c8a2000 JavaThread "Attach Listener" daemon [_thread_blocked, id=9972, stack(0x000000e663c00000,0x000000e663d00000)]
  0x000002864c8a3000 JavaThread "C2 CompilerThread0" daemon [_thread_blocked, id=2756, stack(0x000000e663d00000,0x000000e663e00000)]
  0x000002864c8a6000 JavaThread "C1 CompilerThread0" daemon [_thread_blocked, id=9352, stack(0x000000e663e00000,0x000000e663f00000)]
  0x000002864c8b2800 JavaThread "Sweeper thread" daemon [_thread_blocked, id=4780, stack(0x000000e663f00000,0x000000e664000000)]
  0x000002864d347800 JavaThread "Service Thread" daemon [_thread_blocked, id=9604, stack(0x000000e664000000,0x000000e664100000)]
  0x000002864d351800 JavaThread "Common-Cleaner" daemon [_thread_blocked, id=4148, stack(0x000000e664200000,0x000000e664300000)]
  0x000002864d395800 JavaThread "C2 CompilerThread1" daemon [_thread_blocked, id=1548, stack(0x000000e664300000,0x000000e664400000)]

Other Threads:
=>0x000002864c87e000 VMThread "VM Thread" [stack: 0x000000e663800000,0x000000e663900000] [id=4804]
  0x000002864d348800 WatcherThread [stack: 0x000000e664100000,0x000000e664200000] [id=10152]
  0x0000028632e35000 GCTaskThread "GC Thread#0" [stack: 0x000000e663300000,0x000000e663400000] [id=5928]
  0x000002864d7ee000 GCTaskThread "GC Thread#1" [stack: 0x000000e664400000,0x000000e664500000] [id=7632]
  0x000002864d89e800 GCTaskThread "GC Thread#2" [stack: 0x000000e664500000,0x000000e664600000] [id=7096]
  0x0000028632e65000 ConcurrentGCThread "G1 Main Marker" [stack: 0x000000e663400000,0x000000e663500000] [id=10144]
  0x0000028632e67800 ConcurrentGCThread "G1 Conc#0" [stack: 0x000000e663500000,0x000000e663600000] [id=2412]
  0x0000028632efa800 ConcurrentGCThread "G1 Refine#0" [stack: 0x000000e663600000,0x000000e663700000] [id=9224]
  0x00000286533d4000 ConcurrentGCThread "G1 Refine#1" [stack: 0x000000e664600000,0x000000e664700000] [id=7728]
  0x0000028632efb800 ConcurrentGCThread "G1 Young RemSet Sampling" [stack: 0x000000e663700000,0x000000e663800000] [id=5200]

Threads with active compile tasks:
C2 CompilerThread0   8760 8827       4       org.jetbrains.kotlin.backend.common.serialization.mangle.MangleUtilsKt::collectForMangler (167 bytes)
C1 CompilerThread0   8760 8938       3       org.jetbrains.kotlin.ir.declarations.lazy.IrLazyFunction::<init> (302 bytes)
C2 CompilerThread1   8760 8921       4       org.jetbrains.kotlin.load.java.structure.impl.classFiles.BinaryJavaClass::findAnnotation (9 bytes)

VM state:at safepoint (normal execution)

VM Mutex/Monitor currently owned by a thread:  ([mutex/lock_event])
[0x0000028630dcb5b0] Threads_lock - owner thread: 0x000002864c87e000
[0x0000028630dca170] Heap_lock - owner thread: 0x0000028630dce000

Heap address: 0x0000000080000000, size: 2048 MB, Compressed Oops mode: 32-bit
Narrow klass base: 0x0000000000000000, Narrow klass shift: 3
Compressed class space size: 1073741824 Address: 0x0000000100000000

Heap:
 garbage-first heap   total 210944K, used 57854K [0x0000000080000000, 0x0000000100000000)
  region size 1024K, 5 young (5120K), 5 survivors (5120K)
 Metaspace       used 68105K, capacity 68870K, committed 68992K, reserved 1110016K
  class space    used 7701K, capacity 7993K, committed 8064K, reserved 1048576K
Heap Regions: E=young(eden), S=young(survivor), O=old, HS=humongous(starts), HC=humongous(continues), CS=collection set, F=free, A=archive, TAMS=top-at-mark-start (previous, next)
|   0|0x0000000080000000, 0x0000000080100000, 0x0000000080100000|100%|HS|  |TAMS 0x0000000080100000, 0x0000000080000000| Complete 
|   1|0x0000000080100000, 0x0000000080200000, 0x0000000080200000|100%|HC|  |TAMS 0x0000000080200000, 0x0000000080100000| Complete 
|   2|0x0000000080200000, 0x0000000080300000, 0x0000000080300000|100%|HC|  |TAMS 0x0000000080300000, 0x0000000080200000| Complete 
|   3|0x0000000080300000, 0x0000000080400000, 0x0000000080400000|100%|HS|  |TAMS 0x0000000080400000, 0x0000000080300000| Complete 
|   4|0x0000000080400000, 0x0000000080500000, 0x0000000080500000|100%|HC|  |TAMS 0x0000000080500000, 0x0000000080400000| Complete 
|   5|0x0000000080500000, 0x0000000080600000, 0x0000000080600000|100%|HC|  |TAMS 0x0000000080600000, 0x0000000080500000| Complete 
|   6|0x0000000080600000, 0x0000000080700000, 0x0000000080700000|100%|HS|  |TAMS 0x0000000080700000, 0x0000000080600000| Complete 
|   7|0x0000000080700000, 0x0000000080800000, 0x0000000080800000|100%|HC|  |TAMS 0x0000000080800000, 0x0000000080700000| Complete 
|   8|0x0000000080800000, 0x0000000080900000, 0x0000000080900000|100%|HC|  |TAMS 0x0000000080900000, 0x0000000080800000| Complete 
|   9|0x0000000080900000, 0x0000000080a00000, 0x0000000080a00000|100%|HS|  |TAMS 0x0000000080a00000, 0x0000000080900000| Complete 
|  10|0x0000000080a00000, 0x0000000080b00000, 0x0000000080b00000|100%|HC|  |TAMS 0x0000000080b00000, 0x0000000080a00000| Complete 
|  11|0x0000000080b00000, 0x0000000080c00000, 0x0000000080c00000|100%| O|  |TAMS 0x0000000080c00000, 0x0000000080b00000| Untracked 
|  12|0x0000000080c00000, 0x0000000080d00000, 0x0000000080d00000|100%| O|  |TAMS 0x0000000080d00000, 0x0000000080c00000| Untracked 
|  13|0x0000000080d00000, 0x0000000080e00000, 0x0000000080e00000|100%| O|  |TAMS 0x0000000080e00000, 0x0000000080d00000| Untracked 
|  14|0x0000000080e00000, 0x0000000080f00000, 0x0000000080f00000|100%| O|  |TAMS 0x0000000080f00000, 0x0000000080e00000| Untracked 
|  15|0x0000000080f00000, 0x0000000081000000, 0x0000000081000000|100%| O|  |TAMS 0x0000000081000000, 0x0000000080f00000| Untracked 
|  16|0x0000000081000000, 0x0000000081100000, 0x0000000081100000|100%| O|  |TAMS 0x0000000081100000, 0x0000000081000000| Untracked 
|  17|0x0000000081100000, 0x0000000081200000, 0x0000000081200000|100%| O|  |TAMS 0x0000000081200000, 0x0000000081100000| Untracked 
|  18|0x0000000081200000, 0x0000000081300000, 0x0000000081300000|100%| O|  |TAMS 0x0000000081300000, 0x0000000081200000| Untracked 
|  19|0x0000000081300000, 0x0000000081400000, 0x0000000081400000|100%| O|  |TAMS 0x0000000081400000, 0x0000000081300000| Untracked 
|  20|0x0000000081400000, 0x0000000081500000, 0x0000000081500000|100%| O|  |TAMS 0x0000000081500000, 0x0000000081400000| Untracked 
|  21|0x0000000081500000, 0x0000000081600000, 0x0000000081600000|100%| O|  |TAMS 0x0000000081600000, 0x0000000081500000| Untracked 
|  22|0x0000000081600000, 0x0000000081700000, 0x0000000081700000|100%| O|  |TAMS 0x0000000081700000, 0x0000000081600000| Untracked 
|  23|0x0000000081700000, 0x0000000081800000, 0x0000000081800000|100%| O|  |TAMS 0x0000000081700000, 0x0000000081700000| Untracked 
|  24|0x0000000081800000, 0x0000000081900000, 0x0000000081900000|100%| O|  |TAMS 0x0000000081900000, 0x0000000081800000| Untracked 
|  25|0x0000000081900000, 0x0000000081a00000, 0x0000000081a00000|100%| O|  |TAMS 0x00000000819aa400, 0x0000000081900000| Untracked 
|  26|0x0000000081a00000, 0x0000000081b00000, 0x0000000081b00000|100%| O|  |TAMS 0x0000000081a00000, 0x0000000081a00000| Untracked 
|  27|0x0000000081b00000, 0x0000000081c00000, 0x0000000081c00000|100%| O|  |TAMS 0x0000000081b00000, 0x0000000081b00000| Untracked 
|  28|0x0000000081c00000, 0x0000000081d00000, 0x0000000081d00000|100%| O|  |TAMS 0x0000000081c00000, 0x0000000081c00000| Untracked 
|  29|0x0000000081d00000, 0x0000000081e00000, 0x0000000081e00000|100%| O|  |TAMS 0x0000000081d00000, 0x0000000081d00000| Untracked 
|  30|0x0000000081e00000, 0x0000000081f00000, 0x0000000081f00000|100%| O|  |TAMS 0x0000000081e00000, 0x0000000081e00000| Untracked 
|  31|0x0000000081f00000, 0x0000000082000000, 0x0000000082000000|100%| O|  |TAMS 0x0000000081f00000, 0x0000000081f00000| Untracked 
|  32|0x0000000082000000, 0x0000000082100000, 0x0000000082100000|100%| O|  |TAMS 0x0000000082000000, 0x0000000082000000| Untracked 
|  33|0x0000000082100000, 0x0000000082200000, 0x0000000082200000|100%| O|  |TAMS 0x0000000082100000, 0x0000000082100000| Untracked 
|  34|0x0000000082200000, 0x0000000082300000, 0x0000000082300000|100%| O|  |TAMS 0x0000000082200000, 0x0000000082200000| Untracked 
|  35|0x0000000082300000, 0x0000000082400000, 0x0000000082400000|100%| O|  |TAMS 0x0000000082300000, 0x0000000082300000| Untracked 
|  36|0x0000000082400000, 0x0000000082500000, 0x0000000082500000|100%| O|  |TAMS 0x0000000082400000, 0x0000000082400000| Untracked 
|  37|0x0000000082500000, 0x0000000082600000, 0x0000000082600000|100%| O|  |TAMS 0x0000000082500000, 0x0000000082500000| Untracked 
|  38|0x0000000082600000, 0x0000000082700000, 0x0000000082700000|100%| O|  |TAMS 0x0000000082600000, 0x0000000082600000| Untracked 
|  39|0x0000000082700000, 0x0000000082800000, 0x0000000082800000|100%| O|  |TAMS 0x0000000082700000, 0x0000000082700000| Untracked 
|  40|0x0000000082800000, 0x0000000082900000, 0x0000000082900000|100%| O|  |TAMS 0x0000000082800000, 0x0000000082800000| Untracked 
|  41|0x0000000082900000, 0x0000000082a00000, 0x0000000082a00000|100%| O|  |TAMS 0x0000000082900000, 0x0000000082900000| Untracked 
|  42|0x0000000082a00000, 0x0000000082b00000, 0x0000000082b00000|100%| O|  |TAMS 0x0000000082a00000, 0x0000000082a00000| Untracked 
|  43|0x0000000082b00000, 0x0000000082c00000, 0x0000000082c00000|100%| O|  |TAMS 0x0000000082b00000, 0x0000000082b00000| Untracked 
|  44|0x0000000082c00000, 0x0000000082d00000, 0x0000000082d00000|100%| O|  |TAMS 0x0000000082c00000, 0x0000000082c00000| Untracked 
|  45|0x0000000082d00000, 0x0000000082e00000, 0x0000000082e00000|100%| O|  |TAMS 0x0000000082d00000, 0x0000000082d00000| Untracked 
|  46|0x0000000082e00000, 0x0000000082f00000, 0x0000000082f00000|100%| O|  |TAMS 0x0000000082e00000, 0x0000000082e00000| Untracked 
|  47|0x0000000082f00000, 0x0000000083000000, 0x0000000083000000|100%| O|  |TAMS 0x0000000082f00000, 0x0000000082f00000| Untracked 
|  48|0x0000000083000000, 0x0000000083100000, 0x0000000083100000|100%| O|  |TAMS 0x0000000083000000, 0x0000000083000000| Untracked 
|  49|0x0000000083100000, 0x0000000083200000, 0x0000000083200000|100%| O|  |TAMS 0x0000000083100000, 0x0000000083100000| Untracked 
|  50|0x0000000083200000, 0x0000000083300000, 0x0000000083300000|100%| O|  |TAMS 0x0000000083200000, 0x0000000083200000| Untracked 
|  51|0x0000000083300000, 0x0000000083400000, 0x0000000083400000|100%| O|  |TAMS 0x0000000083300000, 0x0000000083300000| Untracked 
|  52|0x0000000083400000, 0x0000000083400000, 0x0000000083500000|  0%| F|  |TAMS 0x0000000083400000, 0x0000000083400000| Untracked 
|  53|0x0000000083500000, 0x0000000083500000, 0x0000000083600000|  0%| F|  |TAMS 0x0000000083500000, 0x0000000083500000| Untracked 
|  54|0x0000000083600000, 0x0000000083600000, 0x0000000083700000|  0%| F|  |TAMS 0x0000000083600000, 0x0000000083600000| Untracked 
|  55|0x0000000083700000, 0x0000000083700000, 0x0000000083800000|  0%| F|  |TAMS 0x0000000083700000, 0x0000000083700000| Untracked 
|  56|0x0000000083800000, 0x0000000083800000, 0x0000000083900000|  0%| F|  |TAMS 0x0000000083800000, 0x0000000083800000| Untracked 
|  57|0x0000000083900000, 0x0000000083900000, 0x0000000083a00000|  0%| F|  |TAMS 0x0000000083900000, 0x0000000083900000| Untracked 
|  58|0x0000000083a00000, 0x0000000083a00000, 0x0000000083b00000|  0%| F|  |TAMS 0x0000000083a00000, 0x0000000083a00000| Untracked 
|  59|0x0000000083b00000, 0x0000000083b00000, 0x0000000083c00000|  0%| F|  |TAMS 0x0000000083b00000, 0x0000000083b00000| Untracked 
|  60|0x0000000083c00000, 0x0000000083c00000, 0x0000000083d00000|  0%| F|  |TAMS 0x0000000083c00000, 0x0000000083c00000| Untracked 
|  61|0x0000000083d00000, 0x0000000083d00000, 0x0000000083e00000|  0%| F|  |TAMS 0x0000000083d00000, 0x0000000083d00000| Untracked 
|  62|0x0000000083e00000, 0x0000000083e00000, 0x0000000083f00000|  0%| F|  |TAMS 0x0000000083e00000, 0x0000000083e00000| Untracked 
|  63|0x0000000083f00000, 0x0000000083f00000, 0x0000000084000000|  0%| F|  |TAMS 0x0000000083f00000, 0x0000000083f00000| Untracked 
|  64|0x0000000084000000, 0x0000000084000000, 0x0000000084100000|  0%| F|  |TAMS 0x0000000084000000, 0x0000000084000000| Untracked 
|  65|0x0000000084100000, 0x0000000084100000, 0x0000000084200000|  0%| F|  |TAMS 0x0000000084100000, 0x0000000084100000| Untracked 
|  66|0x0000000084200000, 0x0000000084200000, 0x0000000084300000|  0%| F|  |TAMS 0x0000000084200000, 0x0000000084200000| Untracked 
|  67|0x0000000084300000, 0x0000000084300000, 0x0000000084400000|  0%| F|  |TAMS 0x0000000084300000, 0x0000000084300000| Untracked 
|  68|0x0000000084400000, 0x0000000084400000, 0x0000000084500000|  0%| F|  |TAMS 0x0000000084400000, 0x0000000084400000| Untracked 
|  69|0x0000000084500000, 0x0000000084500000, 0x0000000084600000|  0%| F|  |TAMS 0x0000000084500000, 0x0000000084500000| Untracked 
|  70|0x0000000084600000, 0x0000000084600000, 0x0000000084700000|  0%| F|  |TAMS 0x0000000084600000, 0x0000000084600000| Untracked 
|  71|0x0000000084700000, 0x0000000084700000, 0x0000000084800000|  0%| F|  |TAMS 0x0000000084700000, 0x0000000084700000| Untracked 
|  72|0x0000000084800000, 0x0000000084800000, 0x0000000084900000|  0%| F|  |TAMS 0x0000000084800000, 0x0000000084800000| Untracked 
|  73|0x0000000084900000, 0x0000000084900000, 0x0000000084a00000|  0%| F|  |TAMS 0x0000000084900000, 0x0000000084900000| Untracked 
|  74|0x0000000084a00000, 0x0000000084a00000, 0x0000000084b00000|  0%| F|  |TAMS 0x0000000084a00000, 0x0000000084a00000| Untracked 
|  75|0x0000000084b00000, 0x0000000084b00000, 0x0000000084c00000|  0%| F|  |TAMS 0x0000000084b00000, 0x0000000084b00000| Untracked 
|  76|0x0000000084c00000, 0x0000000084c00000, 0x0000000084d00000|  0%| F|  |TAMS 0x0000000084c00000, 0x0000000084c00000| Untracked 
|  77|0x0000000084d00000, 0x0000000084d00000, 0x0000000084e00000|  0%| F|  |TAMS 0x0000000084d00000, 0x0000000084d00000| Untracked 
|  78|0x0000000084e00000, 0x0000000084e00000, 0x0000000084f00000|  0%| F|  |TAMS 0x0000000084e00000, 0x0000000084e00000| Untracked 
|  79|0x0000000084f00000, 0x0000000084f00000, 0x0000000085000000|  0%| F|  |TAMS 0x0000000084f00000, 0x0000000084f00000| Untracked 
|  80|0x0000000085000000, 0x0000000085000000, 0x0000000085100000|  0%| F|  |TAMS 0x0000000085000000, 0x0000000085000000| Untracked 
|  81|0x0000000085100000, 0x0000000085100000, 0x0000000085200000|  0%| F|  |TAMS 0x0000000085100000, 0x0000000085100000| Untracked 
|  82|0x0000000085200000, 0x0000000085200000, 0x0000000085300000|  0%| F|  |TAMS 0x0000000085200000, 0x0000000085200000| Untracked 
|  83|0x0000000085300000, 0x0000000085300000, 0x0000000085400000|  0%| F|  |TAMS 0x0000000085300000, 0x0000000085300000| Untracked 
|  84|0x0000000085400000, 0x0000000085400000, 0x0000000085500000|  0%| F|  |TAMS 0x0000000085400000, 0x0000000085400000| Untracked 
|  85|0x0000000085500000, 0x0000000085500000, 0x0000000085600000|  0%| F|  |TAMS 0x0000000085500000, 0x0000000085500000| Untracked 
|  86|0x0000000085600000, 0x0000000085600000, 0x0000000085700000|  0%| F|  |TAMS 0x0000000085600000, 0x0000000085600000| Untracked 
|  87|0x0000000085700000, 0x0000000085700000, 0x0000000085800000|  0%| F|  |TAMS 0x0000000085700000, 0x0000000085700000| Untracked 
|  88|0x0000000085800000, 0x0000000085800000, 0x0000000085900000|  0%| F|  |TAMS 0x0000000085800000, 0x0000000085800000| Untracked 
|  89|0x0000000085900000, 0x0000000085900000, 0x0000000085a00000|  0%| F|  |TAMS 0x0000000085900000, 0x0000000085900000| Untracked 
|  90|0x0000000085a00000, 0x0000000085a00000, 0x0000000085b00000|  0%| F|  |TAMS 0x0000000085a00000, 0x0000000085a00000| Untracked 
|  91|0x0000000085b00000, 0x0000000085b00000, 0x0000000085c00000|  0%| F|  |TAMS 0x0000000085b00000, 0x0000000085b00000| Untracked 
|  92|0x0000000085c00000, 0x0000000085c7f9c8, 0x0000000085d00000| 49%| S|CS|TAMS 0x0000000085c00000, 0x0000000085c00000| Complete 
|  93|0x0000000085d00000, 0x0000000085e00000, 0x0000000085e00000|100%| S|CS|TAMS 0x0000000085d00000, 0x0000000085d00000| Complete 
|  94|0x0000000085e00000, 0x0000000085f00000, 0x0000000085f00000|100%| S|CS|TAMS 0x0000000085e00000, 0x0000000085e00000| Complete 
|  95|0x0000000085f00000, 0x0000000085f00000, 0x0000000086000000|  0%| F|  |TAMS 0x0000000085f00000, 0x0000000085f00000| Untracked 
|  96|0x0000000086000000, 0x0000000086000000, 0x0000000086100000|  0%| F|  |TAMS 0x0000000086000000, 0x0000000086000000| Untracked 
|  97|0x0000000086100000, 0x0000000086100000, 0x0000000086200000|  0%| F|  |TAMS 0x0000000086100000, 0x0000000086100000| Untracked 
|  98|0x0000000086200000, 0x0000000086300000, 0x0000000086300000|100%| S|CS|TAMS 0x0000000086200000, 0x0000000086200000| Complete 
|  99|0x0000000086300000, 0x0000000086400000, 0x0000000086400000|100%| S|CS|TAMS 0x0000000086300000, 0x0000000086300000| Complete 
| 100|0x0000000086400000, 0x0000000086400000, 0x0000000086500000|  0%| F|  |TAMS 0x0000000086400000, 0x0000000086400000| Untracked 
| 101|0x0000000086500000, 0x0000000086500000, 0x0000000086600000|  0%| F|  |TAMS 0x0000000086500000, 0x0000000086500000| Untracked 
| 102|0x0000000086600000, 0x0000000086600000, 0x0000000086700000|  0%| F|  |TAMS 0x0000000086600000, 0x0000000086600000| Untracked 
| 103|0x0000000086700000, 0x0000000086700000, 0x0000000086800000|  0%| F|  |TAMS 0x0000000086700000, 0x0000000086700000| Untracked 
| 104|0x0000000086800000, 0x0000000086800000, 0x0000000086900000|  0%| F|  |TAMS 0x0000000086800000, 0x0000000086800000| Untracked 
| 105|0x0000000086900000, 0x0000000086900000, 0x0000000086a00000|  0%| F|  |TAMS 0x0000000086900000, 0x0000000086900000| Untracked 
| 106|0x0000000086a00000, 0x0000000086a00000, 0x0000000086b00000|  0%| F|  |TAMS 0x0000000086a00000, 0x0000000086a00000| Untracked 
| 107|0x0000000086b00000, 0x0000000086b00000, 0x0000000086c00000|  0%| F|  |TAMS 0x0000000086b00000, 0x0000000086b00000| Untracked 
| 108|0x0000000086c00000, 0x0000000086c00000, 0x0000000086d00000|  0%| F|  |TAMS 0x0000000086c00000, 0x0000000086c00000| Untracked 
| 109|0x0000000086d00000, 0x0000000086d00000, 0x0000000086e00000|  0%| F|  |TAMS 0x0000000086d00000, 0x0000000086d00000| Untracked 
| 110|0x0000000086e00000, 0x0000000086e00000, 0x0000000086f00000|  0%| F|  |TAMS 0x0000000086e00000, 0x0000000086e00000| Untracked 
| 111|0x0000000086f00000, 0x0000000086f00000, 0x0000000087000000|  0%| F|  |TAMS 0x0000000086f00000, 0x0000000086f00000| Untracked 
| 112|0x0000000087000000, 0x0000000087000000, 0x0000000087100000|  0%| F|  |TAMS 0x0000000087000000, 0x0000000087000000| Untracked 
| 113|0x0000000087100000, 0x0000000087100000, 0x0000000087200000|  0%| F|  |TAMS 0x0000000087100000, 0x0000000087100000| Untracked 
| 114|0x0000000087200000, 0x0000000087200000, 0x0000000087300000|  0%| F|  |TAMS 0x0000000087200000, 0x0000000087200000| Untracked 
| 115|0x0000000087300000, 0x0000000087300000, 0x0000000087400000|  0%| F|  |TAMS 0x0000000087300000, 0x0000000087300000| Untracked 
| 116|0x0000000087400000, 0x0000000087400000, 0x0000000087500000|  0%| F|  |TAMS 0x0000000087400000, 0x0000000087400000| Untracked 
| 117|0x0000000087500000, 0x0000000087500000, 0x0000000087600000|  0%| F|  |TAMS 0x0000000087500000, 0x0000000087500000| Untracked 
| 118|0x0000000087600000, 0x0000000087600000, 0x0000000087700000|  0%| F|  |TAMS 0x0000000087600000, 0x0000000087600000| Untracked 
| 119|0x0000000087700000, 0x0000000087700000, 0x0000000087800000|  0%| F|  |TAMS 0x0000000087700000, 0x0000000087700000| Untracked 
| 120|0x0000000087800000, 0x0000000087800000, 0x0000000087900000|  0%| F|  |TAMS 0x0000000087800000, 0x0000000087800000| Untracked 
| 121|0x0000000087900000, 0x0000000087900000, 0x0000000087a00000|  0%| F|  |TAMS 0x0000000087900000, 0x0000000087900000| Untracked 
| 122|0x0000000087a00000, 0x0000000087a00000, 0x0000000087b00000|  0%| F|  |TAMS 0x0000000087a00000, 0x0000000087a00000| Untracked 
| 123|0x0000000087b00000, 0x0000000087b00000, 0x0000000087c00000|  0%| F|  |TAMS 0x0000000087b00000, 0x0000000087b00000| Untracked 
| 124|0x0000000087c00000, 0x0000000087c00000, 0x0000000087d00000|  0%| F|  |TAMS 0x0000000087c00000, 0x0000000087c00000| Untracked 
| 125|0x0000000087d00000, 0x0000000087d00000, 0x0000000087e00000|  0%| F|  |TAMS 0x0000000087d00000, 0x0000000087d00000| Untracked 
| 126|0x0000000087e00000, 0x0000000087e00000, 0x0000000087f00000|  0%| F|  |TAMS 0x0000000087e00000, 0x0000000087e00000| Untracked 
| 127|0x0000000087f00000, 0x0000000087f00000, 0x0000000088000000|  0%| F|  |TAMS 0x0000000087f00000, 0x0000000087f00000| Untracked 
| 128|0x0000000088000000, 0x0000000088000000, 0x0000000088100000|  0%| F|  |TAMS 0x0000000088000000, 0x0000000088000000| Untracked 
| 129|0x0000000088100000, 0x0000000088100000, 0x0000000088200000|  0%| F|  |TAMS 0x0000000088100000, 0x0000000088100000| Untracked 
| 130|0x0000000088200000, 0x0000000088200000, 0x0000000088300000|  0%| F|  |TAMS 0x0000000088200000, 0x0000000088200000| Untracked 
| 131|0x0000000088300000, 0x0000000088300000, 0x0000000088400000|  0%| F|  |TAMS 0x0000000088300000, 0x0000000088300000| Untracked 
| 132|0x0000000088400000, 0x0000000088400000, 0x0000000088500000|  0%| F|  |TAMS 0x0000000088400000, 0x0000000088400000| Untracked 
| 133|0x0000000088500000, 0x0000000088500000, 0x0000000088600000|  0%| F|  |TAMS 0x0000000088500000, 0x0000000088500000| Untracked 
| 134|0x0000000088600000, 0x0000000088600000, 0x0000000088700000|  0%| F|  |TAMS 0x0000000088600000, 0x0000000088600000| Untracked 
| 135|0x0000000088700000, 0x0000000088700000, 0x0000000088800000|  0%| F|  |TAMS 0x0000000088700000, 0x0000000088700000| Untracked 
| 136|0x0000000088800000, 0x0000000088800000, 0x0000000088900000|  0%| F|  |TAMS 0x0000000088800000, 0x0000000088800000| Untracked 
| 137|0x0000000088900000, 0x0000000088900000, 0x0000000088a00000|  0%| F|  |TAMS 0x0000000088900000, 0x0000000088900000| Untracked 
| 138|0x0000000088a00000, 0x0000000088a00000, 0x0000000088b00000|  0%| F|  |TAMS 0x0000000088a00000, 0x0000000088a00000| Untracked 
| 139|0x0000000088b00000, 0x0000000088b00000, 0x0000000088c00000|  0%| F|  |TAMS 0x0000000088b00000, 0x0000000088b00000| Untracked 
| 140|0x0000000088c00000, 0x0000000088c00000, 0x0000000088d00000|  0%| F|  |TAMS 0x0000000088c00000, 0x0000000088c00000| Untracked 
| 141|0x0000000088d00000, 0x0000000088d00000, 0x0000000088e00000|  0%| F|  |TAMS 0x0000000088d00000, 0x0000000088d00000| Untracked 
| 142|0x0000000088e00000, 0x0000000088e00000, 0x0000000088f00000|  0%| F|  |TAMS 0x0000000088e00000, 0x0000000088e00000| Untracked 
| 143|0x0000000088f00000, 0x0000000088f00000, 0x0000000089000000|  0%| F|  |TAMS 0x0000000088f00000, 0x0000000088f00000| Untracked 
| 144|0x0000000089000000, 0x0000000089000000, 0x0000000089100000|  0%| F|  |TAMS 0x0000000089000000, 0x0000000089000000| Untracked 
| 145|0x0000000089100000, 0x0000000089100000, 0x0000000089200000|  0%| F|  |TAMS 0x0000000089100000, 0x0000000089100000| Untracked 
| 146|0x0000000089200000, 0x0000000089200000, 0x0000000089300000|  0%| F|  |TAMS 0x0000000089200000, 0x0000000089200000| Untracked 
| 147|0x0000000089300000, 0x0000000089300000, 0x0000000089400000|  0%| F|  |TAMS 0x0000000089300000, 0x0000000089300000| Untracked 
| 148|0x0000000089400000, 0x0000000089400000, 0x0000000089500000|  0%| F|  |TAMS 0x0000000089400000, 0x0000000089400000| Untracked 
| 149|0x0000000089500000, 0x0000000089500000, 0x0000000089600000|  0%| F|  |TAMS 0x0000000089500000, 0x0000000089500000| Untracked 
| 150|0x0000000089600000, 0x0000000089600000, 0x0000000089700000|  0%| F|  |TAMS 0x0000000089600000, 0x0000000089600000| Untracked 
| 151|0x0000000089700000, 0x0000000089700000, 0x0000000089800000|  0%| F|  |TAMS 0x0000000089700000, 0x0000000089700000| Untracked 
| 152|0x0000000089800000, 0x0000000089800000, 0x0000000089900000|  0%| F|  |TAMS 0x0000000089800000, 0x0000000089800000| Untracked 
| 153|0x0000000089900000, 0x0000000089900000, 0x0000000089a00000|  0%| F|  |TAMS 0x0000000089900000, 0x0000000089900000| Untracked 
| 154|0x0000000089a00000, 0x0000000089a00000, 0x0000000089b00000|  0%| F|  |TAMS 0x0000000089a00000, 0x0000000089a00000| Untracked 
| 155|0x0000000089b00000, 0x0000000089b00000, 0x0000000089c00000|  0%| F|  |TAMS 0x0000000089b00000, 0x0000000089b00000| Untracked 
| 156|0x0000000089c00000, 0x0000000089c00000, 0x0000000089d00000|  0%| F|  |TAMS 0x0000000089c00000, 0x0000000089c00000| Untracked 
| 157|0x0000000089d00000, 0x0000000089d00000, 0x0000000089e00000|  0%| F|  |TAMS 0x0000000089d00000, 0x0000000089d00000| Untracked 

Card table byte_map: [0x0000028645ba0000,0x0000028645fa0000] _byte_map_base: 0x00000286457a0000

Marking Bits (Prev, Next): (CMBitMap*) 0x0000028632e5c0d0, (CMBitMap*) 0x0000028632e5c098
 Prev Bits: [0x00000286483a0000, 0x000002864a3a0000)
 Next Bits: [0x00000286463a0000, 0x00000286483a0000)

Polling page: 0x0000028630de0000

Metaspace:

Usage:
  Non-class:     59.45 MB capacity,    58.99 MB (>99%) used,   364.22 KB ( <1%) free+waste,   109.00 KB ( <1%) overhead. 
      Class:      7.81 MB capacity,     7.52 MB ( 96%) used,   244.50 KB (  3%) free+waste,    46.69 KB ( <1%) overhead. 
       Both:     67.26 MB capacity,    66.51 MB ( 99%) used,   608.72 KB ( <1%) free+waste,   155.69 KB ( <1%) overhead. 

Virtual space:
  Non-class space:       60.00 MB reserved,      59.50 MB (>99%) committed 
      Class space:        1.00 GB reserved,       7.88 MB ( <1%) committed 
             Both:        1.06 GB reserved,      67.38 MB (  6%) committed 

Chunk freelists:
   Non-Class:  51.00 KB
       Class:  7.00 KB
        Both:  58.00 KB

MaxMetaspaceSize: 17179869184.00 GB
CompressedClassSpaceSize: 1.00 GB

CodeHeap 'non-profiled nmethods': size=120064Kb used=3610Kb max_used=3610Kb free=116453Kb
 bounds [0x000002863e260000, 0x000002863e5f0000, 0x00000286457a0000]
CodeHeap 'profiled nmethods': size=120000Kb used=21921Kb max_used=21921Kb free=98078Kb
 bounds [0x0000028636d30000, 0x00000286382a0000, 0x000002863e260000]
CodeHeap 'non-nmethods': size=5696Kb used=1243Kb max_used=1274Kb free=4452Kb
 bounds [0x00000286367a0000, 0x0000028636a10000, 0x0000028636d30000]
 total_blobs=9502 nmethods=8872 adapters=541
 compilation: enabled
              stopped_count=0, restarted_count=0
 full_count=0

Compilation events (20 events):
Event: 8.665 Thread 0x000002864c8a6000 nmethod 8928 0x000002863828e190 code [0x000002863828e440, 0x000002863828efd8]
Event: 8.665 Thread 0x000002864c8a6000 8929       3       org.jetbrains.kotlin.ir.util.IdSignature$PublicSignature::asPublic (2 bytes)
Event: 8.665 Thread 0x000002864c8a6000 nmethod 8929 0x000002863828f410 code [0x000002863828f5c0, 0x000002863828f6b8]
Event: 8.666 Thread 0x000002864c8a6000 8930       3       org.jetbrains.kotlin.ir.util.DeclarationStubGenerator::generateFunctionStub (218 bytes)
Event: 8.668 Thread 0x000002864c8a6000 nmethod 8930 0x000002863828f790 code [0x000002863828fc60, 0x0000028638292138]
Event: 8.668 Thread 0x000002864c8a6000 8931       3       org.jetbrains.kotlin.ir.declarations.lazy.IrLazyFunctionBase$DefaultImpls::createLazyAnnotations (14 bytes)
Event: 8.669 Thread 0x000002864c8a6000 nmethod 8931 0x0000028638292b90 code [0x0000028638292ea0, 0x0000028638293e58]
Event: 8.669 Thread 0x000002864c8a6000 8932       3       org.jetbrains.kotlin.ir.declarations.lazy.IrLazyFunctionBase$DefaultImpls::createReturnType (21 bytes)
Event: 8.670 Thread 0x000002864c8a6000 nmethod 8932 0x0000028638294390 code [0x0000028638294600, 0x0000028638294fd8]
Event: 8.670 Thread 0x000002864c8a6000 8933       3       org.jetbrains.kotlin.ir.declarations.lazy.IrLazyFunctionBase$createReturnType$1::<init> (11 bytes)
Event: 8.670 Thread 0x000002864c8a6000 nmethod 8933 0x0000028638295390 code [0x0000028638295540, 0x0000028638295758]
Event: 8.670 Thread 0x000002864c8a6000 8934       3       org.jetbrains.kotlin.ir.declarations.lazy.IrLazyFunctionBase$DefaultImpls::createInitialSignatureFunction (24 bytes)
Event: 8.671 Thread 0x000002864c8a6000 nmethod 8934 0x0000028638295890 code [0x0000028638295ae0, 0x0000028638296268]
Event: 8.671 Thread 0x000002864c8a6000 8935       3       org.jetbrains.kotlin.ir.declarations.lazy.IrLazyFunctionBase$createInitialSignatureFunction$1::<init> (11 bytes)
Event: 8.671 Thread 0x000002864c8a6000 nmethod 8935 0x0000028638296590 code [0x0000028638296740, 0x0000028638296958]
Event: 8.671 Thread 0x000002864c8a6000 8936       3       org.jetbrains.kotlin.ir.declarations.lazy.IrLazyFunctionBase$DefaultImpls::createValueParameters (21 bytes)
Event: 8.672 Thread 0x000002864c8a6000 nmethod 8936 0x0000028638296a90 code [0x0000028638296d00, 0x00000286382976d8]
Event: 8.672 Thread 0x000002864c8a6000 8937       3       org.jetbrains.kotlin.ir.declarations.lazy.IrLazyFunction::createLazyParent (8 bytes)
Event: 8.672 Thread 0x000002864c8a6000 nmethod 8937 0x0000028638297a90 code [0x0000028638297cc0, 0x00000286382983d8]
Event: 8.672 Thread 0x000002864c8a6000 8938       3       org.jetbrains.kotlin.ir.declarations.lazy.IrLazyFunction::<init> (302 bytes)

GC Heap History (17 events):
Event: 0.478 GC heap before
{Heap before GC invocations=0 (full 0):
 garbage-first heap   total 131072K, used 17408K [0x0000000080000000, 0x0000000100000000)
  region size 1024K, 14 young (14336K), 0 survivors (0K)
 Metaspace       used 9791K, capacity 9935K, committed 10112K, reserved 1058816K
  class space    used 831K, capacity 884K, committed 896K, reserved 1048576K
}
Event: 0.481 GC heap after
{Heap after GC invocations=1 (full 0):
 garbage-first heap   total 131072K, used 5120K [0x0000000080000000, 0x0000000100000000)
  region size 1024K, 2 young (2048K), 2 survivors (2048K)
 Metaspace       used 9791K, capacity 9935K, committed 10112K, reserved 1058816K
  class space    used 831K, capacity 884K, committed 896K, reserved 1048576K
}
Event: 1.389 GC heap before
{Heap before GC invocations=1 (full 0):
 garbage-first heap   total 131072K, used 51200K [0x0000000080000000, 0x0000000100000000)
  region size 1024K, 48 young (49152K), 2 survivors (2048K)
 Metaspace       used 20966K, capacity 21156K, committed 21248K, reserved 1069056K
  class space    used 2218K, capacity 2284K, committed 2304K, reserved 1048576K
}
Event: 1.404 GC heap after
{Heap after GC invocations=2 (full 0):
 garbage-first heap   total 131072K, used 9292K [0x0000000080000000, 0x0000000100000000)
  region size 1024K, 7 young (7168K), 7 survivors (7168K)
 Metaspace       used 20966K, capacity 21156K, committed 21248K, reserved 1069056K
  class space    used 2218K, capacity 2284K, committed 2304K, reserved 1048576K
}
Event: 2.370 GC heap before
{Heap before GC invocations=3 (full 0):
 garbage-first heap   total 131072K, used 66636K [0x0000000080000000, 0x0000000100000000)
  region size 1024K, 55 young (56320K), 7 survivors (7168K)
 Metaspace       used 31627K, capacity 32034K, committed 32128K, reserved 1077248K
  class space    used 3754K, capacity 3919K, committed 3968K, reserved 1048576K
}
Event: 2.388 GC heap after
{Heap after GC invocations=4 (full 0):
 garbage-first heap   total 131072K, used 23346K [0x0000000080000000, 0x0000000100000000)
  region size 1024K, 6 young (6144K), 6 survivors (6144K)
 Metaspace       used 31627K, capacity 32034K, committed 32128K, reserved 1077248K
  class space    used 3754K, capacity 3919K, committed 3968K, reserved 1048576K
}
Event: 2.718 GC heap before
{Heap before GC invocations=4 (full 0):
 garbage-first heap   total 131072K, used 40754K [0x0000000080000000, 0x0000000100000000)
  region size 1024K, 24 young (24576K), 6 survivors (6144K)
 Metaspace       used 35117K, capacity 35526K, committed 35584K, reserved 1081344K
  class space    used 4137K, capacity 4314K, committed 4352K, reserved 1048576K
}
Event: 2.737 GC heap after
{Heap after GC invocations=5 (full 0):
 garbage-first heap   total 131072K, used 26033K [0x0000000080000000, 0x0000000100000000)
  region size 1024K, 3 young (3072K), 3 survivors (3072K)
 Metaspace       used 35117K, capacity 35526K, committed 35584K, reserved 1081344K
  class space    used 4137K, capacity 4314K, committed 4352K, reserved 1048576K
}
Event: 3.728 GC heap before
{Heap before GC invocations=6 (full 0):
 garbage-first heap   total 131072K, used 83377K [0x0000000080000000, 0x0000000100000000)
  region size 1024K, 58 young (59392K), 3 survivors (3072K)
 Metaspace       used 44808K, capacity 45291K, committed 45440K, reserved 1089536K
  class space    used 5284K, capacity 5472K, committed 5504K, reserved 1048576K
}
Event: 3.755 GC heap after
{Heap after GC invocations=7 (full 0):
 garbage-first heap   total 161792K, used 33449K [0x0000000080000000, 0x0000000100000000)
  region size 1024K, 8 young (8192K), 8 survivors (8192K)
 Metaspace       used 44808K, capacity 45291K, committed 45440K, reserved 1089536K
  class space    used 5284K, capacity 5472K, committed 5504K, reserved 1048576K
}
Event: 4.096 GC heap before
{Heap before GC invocations=8 (full 0):
 garbage-first heap   total 161792K, used 59049K [0x0000000080000000, 0x0000000100000000)
  region size 1024K, 33 young (33792K), 8 survivors (8192K)
 Metaspace       used 46659K, capacity 47125K, committed 47232K, reserved 1091584K
  class space    used 5483K, capacity 5678K, committed 5760K, reserved 1048576K
}
Event: 4.112 GC heap after
{Heap after GC invocations=9 (full 0):
 garbage-first heap   total 161792K, used 35819K [0x0000000080000000, 0x0000000100000000)
  region size 1024K, 3 young (3072K), 3 survivors (3072K)
 Metaspace       used 46659K, capacity 47125K, committed 47232K, reserved 1091584K
  class space    used 5483K, capacity 5678K, committed 5760K, reserved 1048576K
}
Event: 5.394 GC heap before
{Heap before GC invocations=9 (full 0):
 garbage-first heap   total 161792K, used 97259K [0x0000000080000000, 0x0000000100000000)
  region size 1024K, 63 young (64512K), 3 survivors (3072K)
 Metaspace       used 53346K, capacity 53951K, committed 54272K, reserved 1097728K
  class space    used 6101K, capacity 6328K, committed 6400K, reserved 1048576K
}
Event: 5.416 GC heap after
{Heap after GC invocations=10 (full 0):
 garbage-first heap   total 161792K, used 44443K [0x0000000080000000, 0x0000000100000000)
  region size 1024K, 8 young (8192K), 8 survivors (8192K)
 Metaspace       used 53346K, capacity 53951K, committed 54272K, reserved 1097728K
  class space    used 6101K, capacity 6328K, committed 6400K, reserved 1048576K
}
Event: 7.209 GC heap before
{Heap before GC invocations=10 (full 0):
 garbage-first heap   total 161792K, used 105883K [0x0000000080000000, 0x0000000100000000)
  region size 1024K, 68 young (69632K), 8 survivors (8192K)
 Metaspace       used 60506K, capacity 61222K, committed 61312K, reserved 1103872K
  class space    used 6941K, capacity 7231K, committed 7296K, reserved 1048576K
}
Event: 7.239 GC heap after
{Heap after GC invocations=11 (full 0):
 garbage-first heap   total 161792K, used 53404K [0x0000000080000000, 0x0000000100000000)
  region size 1024K, 9 young (9216K), 9 survivors (9216K)
 Metaspace       used 60506K, capacity 61222K, committed 61312K, reserved 1103872K
  class space    used 6941K, capacity 7231K, committed 7296K, reserved 1048576K
}
Event: 8.676 GC heap before
{Heap before GC invocations=11 (full 0):
 garbage-first heap   total 161792K, used 112796K [0x0000000080000000, 0x0000000100000000)
  region size 1024K, 67 young (68608K), 9 survivors (9216K)
 Metaspace       used 68105K, capacity 68870K, committed 68992K, reserved 1110016K
  class space    used 7701K, capacity 7993K, committed 8064K, reserved 1048576K
}

Deoptimization events (20 events):
Event: 8.612 Thread 0x0000028630dce000 Uncommon trap: trap_request=0xffffffde fr.pc=0x000002863e414854 relative=0x00000000000001f4
Event: 8.612 Thread 0x0000028630dce000 Uncommon trap: reason=class_check action=maybe_recompile pc=0x000002863e414854 method=java.util.regex.Pattern$BmpCharProperty.match(Ljava/util/regex/Matcher;ILjava/lang/CharSequence;)Z @ 36 c2
Event: 8.612 Thread 0x0000028630dce000 DEOPT PACKING pc=0x000002863e414854 sp=0x000000e6632fdf10
Event: 8.612 Thread 0x0000028630dce000 DEOPT UNPACKING pc=0x00000286367c66a9 sp=0x000000e6632fdeb8 mode 2
Event: 8.612 Thread 0x0000028630dce000 Uncommon trap: trap_request=0xffffffde fr.pc=0x000002863e414854 relative=0x00000000000001f4
Event: 8.612 Thread 0x0000028630dce000 Uncommon trap: reason=class_check action=maybe_recompile pc=0x000002863e414854 method=java.util.regex.Pattern$BmpCharProperty.match(Ljava/util/regex/Matcher;ILjava/lang/CharSequence;)Z @ 36 c2
Event: 8.612 Thread 0x0000028630dce000 DEOPT PACKING pc=0x000002863e414854 sp=0x000000e6632fdf10
Event: 8.612 Thread 0x0000028630dce000 DEOPT UNPACKING pc=0x00000286367c66a9 sp=0x000000e6632fdeb8 mode 2
Event: 8.616 Thread 0x0000028630dce000 Uncommon trap: trap_request=0xffffff4d fr.pc=0x000002863e4e799c relative=0x0000000000001adc
Event: 8.616 Thread 0x0000028630dce000 Uncommon trap: reason=unstable_if action=reinterpret pc=0x000002863e4e799c method=org.jetbrains.kotlin.serialization.deserialization.descriptors.DeserializedPackageMemberScope.hasClass(Lorg/jetbrains/kotlin/name/Name;)Z @ 99 c2
Event: 8.616 Thread 0x0000028630dce000 DEOPT PACKING pc=0x000002863e4e799c sp=0x000000e6632fd640
Event: 8.616 Thread 0x0000028630dce000 DEOPT UNPACKING pc=0x00000286367c66a9 sp=0x000000e6632fd5c0 mode 2
Event: 8.616 Thread 0x0000028630dce000 Uncommon trap: trap_request=0xffffffde fr.pc=0x000002863e4ee4b4 relative=0x0000000000000974
Event: 8.616 Thread 0x0000028630dce000 Uncommon trap: reason=class_check action=maybe_recompile pc=0x000002863e4ee4b4 method=org.jetbrains.kotlin.serialization.deserialization.descriptors.DeserializedMemberScope.getContributedClassifier(Lorg/jetbrains/kotlin/name/Name;Lorg/jetbrains/kotlin/inc
Event: 8.616 Thread 0x0000028630dce000 DEOPT PACKING pc=0x000002863e4ee4b4 sp=0x000000e6632fd690
Event: 8.616 Thread 0x0000028630dce000 DEOPT UNPACKING pc=0x00000286367c66a9 sp=0x000000e6632fd5f8 mode 2
Event: 8.645 Thread 0x0000028630dce000 Uncommon trap: trap_request=0xffffffde fr.pc=0x000002863e44e014 relative=0x0000000000000574
Event: 8.645 Thread 0x0000028630dce000 Uncommon trap: reason=class_check action=maybe_recompile pc=0x000002863e44e014 method=java.util.regex.Matcher.search(I)Z @ 121 c2
Event: 8.645 Thread 0x0000028630dce000 DEOPT PACKING pc=0x000002863e44e014 sp=0x000000e6632fdfa0
Event: 8.645 Thread 0x0000028630dce000 DEOPT UNPACKING pc=0x00000286367c66a9 sp=0x000000e6632fdf90 mode 2

Classes redefined (0 events):
No events

Internal exceptions (20 events):
Event: 4.534 Thread 0x0000028630dce000 Exception <a 'java/lang/NoSuchMethodError'{0x0000000088d40900}: 'int java.lang.invoke.DirectMethodHandle$Holder.invokeInterface(java.lang.Object, java.lang.Object)'> (0x0000000088d40900) thrown at [./src/hotspot/share/interpreter/linkResolver.cpp, line 773]
Event: 4.630 Thread 0x0000028630dce000 Exception <a 'java/lang/NoSuchMethodError'{0x00000000889292b0}: 'java.lang.Object java.lang.invoke.DirectMethodHandle$Holder.invokeStaticInit(java.lang.Object, java.lang.Object, java.lang.Object)'> (0x00000000889292b0) thrown at [./src/hotspot/share/interpreter/linkResolver.cpp, line 773]
Event: 5.314 Thread 0x0000028630dce000 Exception <a 'java/lang/NoSuchMethodError'{0x00000000863e9f40}: 'java.lang.Object java.lang.invoke.Invokers$Holder.linkToTargetMethod(java.lang.Object, java.lang.Object, java.lang.Object, int, int, java.lang.Object)'> (0x00000000863e9f40) thrown at [./src/hotspot/share/interpreter/linkResolver.cpp, line 773]
Event: 5.326 Thread 0x0000028630dce000 Exception <a 'java/lang/NoSuchMethodError'{0x00000000862326f8}: 'java.lang.Object java.lang.invoke.Invokers$Holder.linkToTargetMethod(java.lang.Object, java.lang.Object, java.lang.Object, java.lang.Object, java.lang.Object, java.lang.Object)'> (0x00000000862326f8) thrown at [./src/hotspot/share/interpreter/linkResolver.cpp, line 773]
Event: 5.558 Thread 0x0000028630dce000 Exception <a 'java/lang/NoSuchMethodError'{0x00000000893bea08}: 'int java.lang.invoke.DirectMethodHandle$Holder.invokeVirtual(java.lang.Object, java.lang.Object, java.lang.Object)'> (0x00000000893bea08) thrown at [./src/hotspot/share/interpreter/linkResolver.cpp, line 773]
Event: 5.687 Thread 0x0000028630dce000 Exception <a 'java/lang/NoSuchMethodError'{0x0000000088f93298}: 'java.lang.Object java.lang.invoke.DirectMethodHandle$Holder.invokeSpecial(java.lang.Object, java.lang.Object, java.lang.Object, java.lang.Object, java.lang.Object, int)'> (0x0000000088f93298) thrown at [./src/hotspot/share/interpreter/linkResolver.cpp, line 773]
Event: 5.688 Thread 0x0000028630dce000 Exception <a 'java/lang/NoSuchMethodError'{0x0000000088f96e38}: 'java.lang.Object java.lang.invoke.Invokers$Holder.linkToTargetMethod(java.lang.Object, java.lang.Object, java.lang.Object, int, java.lang.Object)'> (0x0000000088f96e38) thrown at [./src/hotspot/share/interpreter/linkResolver.cpp, line 773]
Event: 5.713 Thread 0x0000028630dce000 Exception <a 'java/lang/NoSuchMethodError'{0x0000000088e67d10}: 'int java.lang.invoke.DirectMethodHandle$Holder.invokeStaticInit(java.lang.Object, int)'> (0x0000000088e67d10) thrown at [./src/hotspot/share/interpreter/linkResolver.cpp, line 773]
Event: 5.826 Thread 0x0000028630dce000 Exception <a 'java/lang/IncompatibleClassChangeError'{0x0000000088bcf210}: Found class java.lang.Object, but interface was expected> (0x0000000088bcf210) thrown at [./src/hotspot/share/interpreter/linkResolver.cpp, line 839]
Event: 5.847 Thread 0x0000028630dce000 Implicit null exception at 0x000002863e36cacc to 0x000002863e36cba8
Event: 5.848 Thread 0x0000028630dce000 Implicit null exception at 0x000002863e2bc1de to 0x000002863e2bc942
Event: 5.848 Thread 0x0000028630dce000 Implicit null exception at 0x000002863e33d12f to 0x000002863e33d19d
Event: 5.957 Thread 0x0000028630dce000 Exception <a 'java/lang/NoSuchMethodError'{0x00000000885054f8}: 'java.lang.Object java.lang.invoke.DirectMethodHandle$Holder.invokeStatic(java.lang.Object, int, java.lang.Object, java.lang.Object)'> (0x00000000885054f8) thrown at [./src/hotspot/share/interpreter/linkResolver.cpp, line 773]
Event: 5.972 Thread 0x0000028630dce000 Exception <a 'java/lang/NoSuchMethodError'{0x0000000088589fc8}: 'java.lang.Object java.lang.invoke.Invokers$Holder.linkToTargetMethod(java.lang.Object, java.lang.Object, java.lang.Object, java.lang.Object, java.lang.Object, java.lang.Object, java.lang.Object)'> (0x0000000088589fc8) thrown at [./src/hotspot/share/interpreter/linkResolver.cpp, line 773]
Event: 6.158 Thread 0x0000028630dce000 Exception <a 'java/lang/NoSuchMethodError'{0x00000000880d2bc0}: 'java.lang.Object java.lang.invoke.DirectMethodHandle$Holder.invokeInterface(java.lang.Object, java.lang.Object, java.lang.Object)'> (0x00000000880d2bc0) thrown at [./src/hotspot/share/interpreter/linkResolver.cpp, line 773]
Event: 6.159 Thread 0x0000028630dce000 Exception <a 'java/lang/IncompatibleClassChangeError'{0x00000000880d6098}: Found class java.lang.Object, but interface was expected> (0x00000000880d6098) thrown at [./src/hotspot/share/interpreter/linkResolver.cpp, line 839]
Event: 6.380 Thread 0x0000028630dce000 Implicit null exception at 0x000002863e4bed97 to 0x000002863e4bf130
Event: 7.251 Thread 0x0000028630dce000 Implicit null exception at 0x000002863e2b79f5 to 0x000002863e2b7bbc
Event: 7.513 Thread 0x0000028630dce000 Implicit null exception at 0x000002863e3d4f52 to 0x000002863e3d51f4
Event: 8.007 Thread 0x0000028630dce000 Implicit null exception at 0x000002863e2c3f74 to 0x000002863e2c418c

Events (20 events):
Event: 8.637 loading class org/jetbrains/kotlin/ir/declarations/lazy/IrLazyFunction$typeParameters$2 done
Event: 8.637 loading class org/jetbrains/kotlin/ir/declarations/lazy/IrLazyFunction$overriddenSymbols$2
Event: 8.637 loading class org/jetbrains/kotlin/ir/declarations/lazy/IrLazyFunction$overriddenSymbols$2 done
Event: 8.639 loading class org/jetbrains/kotlin/ir/util/DeclarationStubGenerator$generatePropertyStub$1
Event: 8.639 loading class org/jetbrains/kotlin/ir/util/DeclarationStubGenerator$generatePropertyStub$1 done
Event: 8.640 loading class org/jetbrains/kotlin/ir/declarations/lazy/IrLazyProperty
Event: 8.640 loading class org/jetbrains/kotlin/ir/declarations/lazy/IrLazyProperty done
Event: 8.641 loading class org/jetbrains/kotlin/ir/declarations/lazy/IrLazyProperty$backingField$2
Event: 8.641 loading class org/jetbrains/kotlin/ir/declarations/lazy/IrLazyProperty$backingField$2 done
Event: 8.641 loading class org/jetbrains/kotlin/ir/declarations/lazy/IrLazyProperty$getter$2
Event: 8.641 loading class org/jetbrains/kotlin/ir/declarations/lazy/IrLazyProperty$getter$2 done
Event: 8.641 loading class org/jetbrains/kotlin/ir/declarations/lazy/IrLazyProperty$setter$2
Event: 8.641 loading class org/jetbrains/kotlin/ir/declarations/lazy/IrLazyProperty$setter$2 done
Event: 8.641 loading class org/jetbrains/kotlin/ir/declarations/lazy/UnsafeLazyVar$value$1
Event: 8.641 loading class org/jetbrains/kotlin/ir/declarations/lazy/UnsafeLazyVar$value$1 done
Event: 8.642 loading class org/jetbrains/kotlin/ir/declarations/PersistentApiKt
Event: 8.642 loading class org/jetbrains/kotlin/ir/declarations/PersistentApiKt done
Event: 8.642 loading class org/jetbrains/kotlin/ir/declarations/StageController
Event: 8.642 loading class org/jetbrains/kotlin/ir/declarations/StageController done
Event: 8.676 Executing VM operation: G1CollectForAllocation


Dynamic libraries:
0x00007ff7981d0000 - 0x00007ff7981da000 	D:\Program Files\Android\Android Studio\jre\bin\java.exe
0x00007ffa2b580000 - 0x00007ffa2b787000 	C:\WINDOWS\SYSTEM32\ntdll.dll
0x00007ffa2a2d0000 - 0x00007ffa2a38d000 	C:\WINDOWS\System32\KERNEL32.DLL
0x00007ffa28f80000 - 0x00007ffa292f4000 	C:\WINDOWS\System32\KERNELBASE.dll
0x00007ffa28d50000 - 0x00007ffa28e61000 	C:\WINDOWS\System32\ucrtbase.dll
0x00007ffa0f320000 - 0x00007ffa0f337000 	D:\Program Files\Android\Android Studio\jre\bin\VCRUNTIME140.dll
0x00007ffa0f340000 - 0x00007ffa0f359000 	D:\Program Files\Android\Android Studio\jre\bin\jli.dll
0x00007ffa2ac20000 - 0x00007ffa2adcc000 	C:\WINDOWS\System32\USER32.dll
0x00007ffa16430000 - 0x00007ffa166d5000 	C:\WINDOWS\WinSxS\amd64_microsoft.windows.common-controls_6595b64144ccf1df_6.0.22000.51_none_25c0e06ad7789dba\COMCTL32.dll
0x00007ffa28ca0000 - 0x00007ffa28cc6000 	C:\WINDOWS\System32\win32u.dll
0x00007ffa2a260000 - 0x00007ffa2a289000 	C:\WINDOWS\System32\GDI32.dll
0x00007ffa2ade0000 - 0x00007ffa2ae83000 	C:\WINDOWS\System32\msvcrt.dll
0x00007ffa29300000 - 0x00007ffa29412000 	C:\WINDOWS\System32\gdi32full.dll
0x00007ffa28e70000 - 0x00007ffa28f0d000 	C:\WINDOWS\System32\msvcp_win.dll
0x00007ffa29c00000 - 0x00007ffa29c31000 	C:\WINDOWS\System32\IMM32.DLL
0x00007ffa0f280000 - 0x00007ffa0f31d000 	D:\Program Files\Android\Android Studio\jre\bin\msvcp140.dll
0x00007ff9fe470000 - 0x00007ff9fef2c000 	D:\Program Files\Android\Android Studio\jre\bin\server\jvm.dll
0x00007ffa29430000 - 0x00007ffa294dc000 	C:\WINDOWS\System32\ADVAPI32.dll
0x00007ffa2b370000 - 0x00007ffa2b40d000 	C:\WINDOWS\System32\sechost.dll
0x00007ffa2b410000 - 0x00007ffa2b531000 	C:\WINDOWS\System32\RPCRT4.dll
0x00007ffa2a1a0000 - 0x00007ffa2a1a8000 	C:\WINDOWS\System32\PSAPI.DLL
0x00007ffa1e060000 - 0x00007ffa1e069000 	C:\WINDOWS\SYSTEM32\WSOCK32.dll
0x00007ffa2b300000 - 0x00007ffa2b36f000 	C:\WINDOWS\System32\WS2_32.dll
0x00007ffa259e0000 - 0x00007ffa25a13000 	C:\WINDOWS\SYSTEM32\WINMM.dll
0x00007ffa20b00000 - 0x00007ffa20b0a000 	C:\WINDOWS\SYSTEM32\VERSION.dll
0x00007ffa27c10000 - 0x00007ffa27c27000 	C:\WINDOWS\SYSTEM32\kernel.appcore.dll
0x00007ffa1d5f0000 - 0x00007ffa1d601000 	D:\Program Files\Android\Android Studio\jre\bin\verify.dll
0x00007ffa14b00000 - 0x00007ffa14d21000 	C:\WINDOWS\SYSTEM32\DBGHELP.DLL
0x00007ffa14ac0000 - 0x00007ffa14af1000 	C:\WINDOWS\SYSTEM32\dbgcore.DLL
0x00007ffa28cd0000 - 0x00007ffa28d50000 	C:\WINDOWS\System32\bcryptPrimitives.dll
0x00007ffa1b370000 - 0x00007ffa1b399000 	D:\Program Files\Android\Android Studio\jre\bin\java.dll
0x00007ffa1d5e0000 - 0x00007ffa1d5eb000 	D:\Program Files\Android\Android Studio\jre\bin\jimage.dll
0x00007ffa1b350000 - 0x00007ffa1b368000 	D:\Program Files\Android\Android Studio\jre\bin\zip.dll
0x00007ffa2a480000 - 0x00007ffa2ac15000 	C:\WINDOWS\System32\SHELL32.dll
0x00007ffa26c30000 - 0x00007ffa2748e000 	C:\WINDOWS\SYSTEM32\windows.storage.dll
0x00007ffa29740000 - 0x00007ffa29ab6000 	C:\WINDOWS\System32\combase.dll
0x00007ffa26ac0000 - 0x00007ffa26c26000 	C:\WINDOWS\SYSTEM32\wintypes.dll
0x00007ffa294e0000 - 0x00007ffa295ca000 	C:\WINDOWS\System32\SHCORE.dll
0x00007ffa2a020000 - 0x00007ffa2a07d000 	C:\WINDOWS\System32\shlwapi.dll
0x00007ffa289a0000 - 0x00007ffa289c1000 	C:\WINDOWS\SYSTEM32\profapi.dll
0x00007ffa1b330000 - 0x00007ffa1b34a000 	D:\Program Files\Android\Android Studio\jre\bin\net.dll
0x00007ffa21b00000 - 0x00007ffa21c0c000 	C:\WINDOWS\SYSTEM32\WINHTTP.dll
0x00007ffa28020000 - 0x00007ffa28087000 	C:\WINDOWS\system32\mswsock.dll
0x00007ffa18f90000 - 0x00007ffa18fa4000 	D:\Program Files\Android\Android Studio\jre\bin\nio.dll

dbghelp: loaded successfully - version: 4.0.5 - missing functions: none
symbol engine: initialized successfully - sym options: 0x614 - pdb path: .;D:\Program Files\Android\Android Studio\jre\bin;C:\WINDOWS\SYSTEM32;C:\WINDOWS\WinSxS\amd64_microsoft.windows.common-controls_6595b64144ccf1df_6.0.22000.51_none_25c0e06ad7789dba;D:\Program Files\Android\Android Studio\jre\bin\server

VM Arguments:
java_command: org.jetbrains.kotlin.cli.jvm.K2JVMCompiler @C:\Users\Andy\AndroidStudioProjects\LatteBoot\app\build\20210715_2572667340388030111.compiler.options
java_class_path (initial): C:\Users\Andy\.gradle\caches\modules-2\files-2.1\org.jetbrains.kotlin\kotlin-compiler-embeddable\1.5.10\9c35134a025cab7a1e6eee0d87d241c2f30c1218\kotlin-compiler-embeddable-1.5.10.jar;C:\Users\Andy\.gradle\caches\modules-2\files-2.1\org.jetbrains.kotlin\kotlin-reflect\1.5.10\d6c70f3c0df2457ea0095c61c1fc1188017dc3bc\kotlin-reflect-1.5.10.jar;C:\Users\Andy\.gradle\caches\modules-2\files-2.1\org.jetbrains.kotlin\kotlin-stdlib\1.5.10\da6a904b132f0402fa4d79169a3c1770598d4702\kotlin-stdlib-1.5.10.jar;C:\Users\Andy\.gradle\caches\modules-2\files-2.1\org.jetbrains.kotlin\kotlin-script-runtime\1.5.10\69bad0ece91b0797055aeadbd44dc742c458398b\kotlin-script-runtime-1.5.10.jar;C:\Users\Andy\.gradle\caches\modules-2\files-2.1\org.jetbrains.kotlin\kotlin-daemon-embeddable\1.5.10\d06ad33b62b041dae0609f830c3b48135d53b8bc\kotlin-daemon-embeddable-1.5.10.jar;C:\Users\Andy\.gradle\caches\modules-2\files-2.1\org.jetbrains.intellij.deps\trove4j\1.0.20181211\216c2e14b070f334479d800987affe4054cd563f\trove4j-1.0.20181211.jar;C:\Users\Andy\.gradle\caches\modules-2\files-2.1\org.jetbrains\annotations\13.0\919f0dfe192fb4e063e7dacadee7f8bb9a2672a9\annotations-13.0.jar;C:\Users\Andy\.gradle\caches\modules-2\files-2.1\org.jetbrains.kotlin\kotlin-stdlib-common\1.5.10\6b84d926e28493be69daf673e40076f89492ef7\kotlin-stdlib-common-1.5.10.jar
Launcher Type: SUN_STANDARD

[Global flags]
     intx CICompilerCount                          = 3                                         {product} {ergonomic}
     uint ConcGCThreads                            = 1                                         {product} {ergonomic}
     uint G1ConcRefinementThreads                  = 4                                         {product} {ergonomic}
   size_t G1HeapRegionSize                         = 1048576                                   {product} {ergonomic}
    uintx GCDrainStackTargetSize                   = 64                                        {product} {ergonomic}
   size_t InitialHeapSize                          = 134217728                                 {product} {ergonomic}
   size_t MarkStackSize                            = 4194304                                   {product} {ergonomic}
   size_t MaxHeapSize                              = 2147483648                                {product} {ergonomic}
   size_t MaxNewSize                               = 1287651328                                {product} {ergonomic}
   size_t MinHeapDeltaBytes                        = 1048576                                   {product} {ergonomic}
    uintx NonNMethodCodeHeapSize                   = 5830732                                {pd product} {ergonomic}
    uintx NonProfiledCodeHeapSize                  = 122913754                              {pd product} {ergonomic}
    uintx ProfiledCodeHeapSize                     = 122913754                              {pd product} {ergonomic}
    uintx ReservedCodeCacheSize                    = 251658240                              {pd product} {ergonomic}
     bool SegmentedCodeCache                       = true                                      {product} {ergonomic}
     bool UseCompressedClassPointers               = true                                 {lp64_product} {ergonomic}
     bool UseCompressedOops                        = true                                 {lp64_product} {ergonomic}
     bool UseG1GC                                  = true                                      {product} {ergonomic}
     bool UseLargePagesIndividualAllocation        = false                                  {pd product} {ergonomic}

Logging:
Log output configuration:
 #0: stdout all=warning uptime,level,tags
 #1: stderr all=off uptime,level,tags

Environment Variables:
PATH=C:\Program Files (x86)\Common Files\Oracle\Java\javapath;C:\WINDOWS\system32;C:\WINDOWS;C:\WINDOWS\System32\Wbem;C:\WINDOWS\System32\WindowsPowerShell\v1.0\;C:\WINDOWS\System32\OpenSSH\;C:\Users\Andy\AppData\Local\Microsoft\WindowsApps;C:\adb;C:\ProgramData\chocolatey\bin;D:\Program Files\Git\cmd;C:\WINDOWS\system32;C:\WINDOWS;C:\WINDOWS\System32\Wbem;C:\WINDOWS\System32\WindowsPowerShell\v1.0\;C:\WINDOWS\System32\OpenSSH\;C:\Users\Andy\AppData\Local\Microsoft\WindowsApps;C:\Users\Andy\AppData\Local\GitHubDesktop\bin;
USERNAME=Andy
OS=Windows_NT
PROCESSOR_IDENTIFIER=Intel64 Family 6 Model 30 Stepping 5, GenuineIntel



---------------  S Y S T E M  ---------------

OS: Windows 10 , 64 bit Build 22000 (10.0.22000.37)
OS uptime: 0 days 4:11 hours

CPU:total 4 (initial active 4) (4 cores per cpu, 1 threads per core) family 6 model 30 stepping 5, cmov, cx8, fxsr, mmx, sse, sse2, sse3, ssse3, sse4.1, sse4.2, popcnt, tsc, tscinvbit

Memory: 4k page, system-wide physical 8187M (1122M free)
TotalPageFile size 9211M (AvailPageFile size 37M)
current process WorkingSet (physical memory assigned to process): 347M, peak: 347M
current process commit charge ("private bytes"): 389M, peak: 436M

vm_info: OpenJDK 64-Bit Server VM (11.0.8+10-b944.6842174) for windows-amd64 JRE (11.0.8+10-b944.6842174), built on Sep 19 2020 01:11:42 by "builder" with MS VC++ 14.0 (VS2015)

END.
